Using pre-set license
Built from '2021.3/evg/staging/82bb020e-b03b1330/draft-0' branch; Version is '2021.3.16f1 (4016570cf34f) revision 4200023'; Using compiler version '192829333'; Build Type 'Release'
OS: 'Windows 10  (10.0.19045) 64bit Core' Language: 'en' Physical Memory: 32717 MB
BatchMode: 1, IsHumanControllingUs: 0, StartBugReporterOnCrash: 0, Is64bit: 1, IsPro: 1

COMMAND LINE ARGUMENTS:
C:\Program Files\Unity 2021.3.16f1\Editor\Unity.exe
-adb2
-batchMode
-noUpm
-name
AssetImportWorker0
-projectPath
C:/Users/yellowflash/Documents/Github/pixel_odyssey
-logFile
Logs/AssetImportWorker0.log
-srvPort
59015
Successfully changed project path to: C:/Users/yellowflash/Documents/Github/pixel_odyssey
C:/Users/yellowflash/Documents/Github/pixel_odyssey
[UnityMemory] Configuration Parameters - Can be set up in boot.config
    "memorysetup-bucket-allocator-granularity=16"
    "memorysetup-bucket-allocator-bucket-count=8"
    "memorysetup-bucket-allocator-block-size=33554432"
    "memorysetup-bucket-allocator-block-count=8"
    "memorysetup-main-allocator-block-size=16777216"
    "memorysetup-thread-allocator-block-size=16777216"
    "memorysetup-gfx-main-allocator-block-size=16777216"
    "memorysetup-gfx-thread-allocator-block-size=16777216"
    "memorysetup-cache-allocator-block-size=4194304"
    "memorysetup-typetree-allocator-block-size=2097152"
    "memorysetup-profiler-bucket-allocator-granularity=16"
    "memorysetup-profiler-bucket-allocator-bucket-count=8"
    "memorysetup-profiler-bucket-allocator-block-size=33554432"
    "memorysetup-profiler-bucket-allocator-block-count=8"
    "memorysetup-profiler-allocator-block-size=16777216"
    "memorysetup-profiler-editor-allocator-block-size=1048576"
    "memorysetup-temp-allocator-size-main=16777216"
    "memorysetup-job-temp-allocator-block-size=2097152"
    "memorysetup-job-temp-allocator-block-size-background=1048576"
    "memorysetup-job-temp-allocator-reduction-small-platforms=262144"
    "memorysetup-temp-allocator-size-background-worker=32768"
    "memorysetup-temp-allocator-size-job-worker=262144"
    "memorysetup-temp-allocator-size-preload-manager=33554432"
    "memorysetup-temp-allocator-size-nav-mesh-worker=65536"
    "memorysetup-temp-allocator-size-audio-worker=65536"
    "memorysetup-temp-allocator-size-cloud-worker=32768"
    "memorysetup-temp-allocator-size-gi-baking-worker=262144"
    "memorysetup-temp-allocator-size-gfx=262144"
Player connection [61304] Host "[IP] 192.168.1.222 [Port] 0 [Flags] 2 [Guid] 329500350 [EditorId] 329500350 [Version] 1048832 [Id] WindowsEditor(7,DESKTOP-MHQA7Q0) [Debug] 1 [PackageName] WindowsEditor [ProjectName] Editor" joined multi-casting on [225.0.0.222:54997]...

Player connection [61304] Host "[IP] 192.168.1.222 [Port] 0 [Flags] 2 [Guid] 329500350 [EditorId] 329500350 [Version] 1048832 [Id] WindowsEditor(7,DESKTOP-MHQA7Q0) [Debug] 1 [PackageName] WindowsEditor [ProjectName] Editor" joined alternative multi-casting on [225.0.0.222:34997]...

Refreshing native plugins compatible for Editor in 94.93 ms, found 4 plugins.
Preloading 0 native plugins for Editor in 0.00 ms.
Initialize engine version: 2021.3.16f1 (4016570cf34f)
[Subsystems] Discovering subsystems at path C:/Program Files/Unity 2021.3.16f1/Editor/Data/Resources/UnitySubsystems
[Subsystems] Discovering subsystems at path C:/Users/yellowflash/Documents/Github/pixel_odyssey/Assets
GfxDevice: creating device client; threaded=0; jobified=0
Direct3D:
    Version:  Direct3D 11.0 [level 11.1]
    Renderer: NVIDIA GeForce RTX 2060 (ID=0x1f08)
    Vendor:   NVIDIA
    VRAM:     5969 MB
    Driver:   31.0.15.4617
Initialize mono
Mono path[0] = 'C:/Program Files/Unity 2021.3.16f1/Editor/Data/Managed'
Mono path[1] = 'C:/Program Files/Unity 2021.3.16f1/Editor/Data/MonoBleedingEdge/lib/mono/unityjit-win32'
Mono config path = 'C:/Program Files/Unity 2021.3.16f1/Editor/Data/MonoBleedingEdge/etc'
Using monoOptions --debugger-agent=transport=dt_socket,embedding=1,server=y,suspend=n,address=127.0.0.1:56812
Begin MonoManager ReloadAssembly
Registering precompiled unity dll's ...
Register platform support module: C:/Program Files/Unity 2021.3.16f1/Editor/Data/PlaybackEngines/MacStandaloneSupport/UnityEditor.OSXStandalone.Extensions.dll
Register platform support module: C:/Program Files/Unity 2021.3.16f1/Editor/Data/PlaybackEngines/WindowsStandaloneSupport/UnityEditor.WindowsStandalone.Extensions.dll
Registered in 0.004544 seconds.
Native extension for WindowsStandalone target not found
Native extension for OSXStandalone target not found
Refreshing native plugins compatible for Editor in 96.69 ms, found 4 plugins.
Preloading 0 native plugins for Editor in 0.00 ms.
Mono: successfully reloaded assembly
- Completed reload, in  0.572 seconds
Domain Reload Profiling:
	ReloadAssembly (573ms)
		BeginReloadAssembly (59ms)
			ExecutionOrderSort (0ms)
			DisableScriptedObjects (0ms)
			BackupInstance (0ms)
			ReleaseScriptingObjects (0ms)
			CreateAndSetChildDomain (1ms)
		EndReloadAssembly (421ms)
			LoadAssemblies (57ms)
			RebuildTransferFunctionScriptingTraits (0ms)
			SetupTypeCache (87ms)
			ReleaseScriptCaches (0ms)
			RebuildScriptCaches (22ms)
			SetupLoadedEditorAssemblies (269ms)
				LogAssemblyErrors (0ms)
				InitializePlatformSupportModulesInManaged (8ms)
				SetLoadedEditorAssemblies (0ms)
				RefreshPlugins (97ms)
				BeforeProcessingInitializeOnLoad (1ms)
				ProcessInitializeOnLoadAttributes (124ms)
				ProcessInitializeOnLoadMethodAttributes (39ms)
				AfterProcessingInitializeOnLoad (0ms)
				EditorAssembliesLoaded (0ms)
			ExecutionOrderSort2 (0ms)
			AwakeInstancesAfterBackupRestoration (0ms)
Platform modules already initialized, skipping
Registering precompiled user dll's ...
Registered in 0.007670 seconds.
Begin MonoManager ReloadAssembly
Symbol file LoadedFromMemory doesn't match image C:\Users\yellowflash\Documents\Github\pixel_odyssey\Library\PackageCache\com.unity.visualscripting@1.7.8\Editor\VisualScripting.Core\Dependencies\YamlDotNet\Unity.VisualScripting.YamlDotNet.dll
Symbol file LoadedFromMemory doesn't match image C:\Users\yellowflash\Documents\Github\pixel_odyssey\Library\PackageCache\com.unity.visualscripting@1.7.8\Editor\VisualScripting.Core\Dependencies\DotNetZip\Unity.VisualScripting.IonicZip.dll
Native extension for WindowsStandalone target not found
Native extension for OSXStandalone target not found
Refreshing native plugins compatible for Editor in 92.00 ms, found 4 plugins.
Preloading 0 native plugins for Editor in 0.00 ms.
Mono: successfully reloaded assembly
- Completed reload, in  1.014 seconds
Domain Reload Profiling:
	ReloadAssembly (1014ms)
		BeginReloadAssembly (95ms)
			ExecutionOrderSort (0ms)
			DisableScriptedObjects (5ms)
			BackupInstance (0ms)
			ReleaseScriptingObjects (0ms)
			CreateAndSetChildDomain (18ms)
		EndReloadAssembly (810ms)
			LoadAssemblies (70ms)
			RebuildTransferFunctionScriptingTraits (0ms)
			SetupTypeCache (207ms)
			ReleaseScriptCaches (1ms)
			RebuildScriptCaches (48ms)
			SetupLoadedEditorAssemblies (445ms)
				LogAssemblyErrors (0ms)
				InitializePlatformSupportModulesInManaged (5ms)
				SetLoadedEditorAssemblies (0ms)
				RefreshPlugins (92ms)
				BeforeProcessingInitializeOnLoad (98ms)
				ProcessInitializeOnLoadAttributes (202ms)
				ProcessInitializeOnLoadMethodAttributes (41ms)
				AfterProcessingInitializeOnLoad (6ms)
				EditorAssembliesLoaded (0ms)
			ExecutionOrderSort2 (0ms)
			AwakeInstancesAfterBackupRestoration (5ms)
Platform modules already initialized, skipping
========================================================================
Worker process is ready to serve import requests
Launched and connected shader compiler UnityShaderCompiler.exe after 0.03 seconds
Refreshing native plugins compatible for Editor in 0.81 ms, found 4 plugins.
Preloading 0 native plugins for Editor in 0.00 ms.
Unloading 4096 Unused Serialized files (Serialized files now loaded: 0)
Unloading 43 unused Assets / (185.7 KB). Loaded Objects now: 4552.
Memory consumption went from 154.5 MB to 154.3 MB.
Total: 5.642300 ms (FindLiveObjects: 0.449300 ms CreateObjectMapping: 0.139100 ms MarkObjects: 4.864200 ms  DeleteObjects: 0.188700 ms)

AssetImportParameters requested are different than current active one (requested -> active):
  custom:video-decoder-ogg-theora: a1e56fd34408186e4bbccfd4996cb3dc -> 
  custom:container-muxer-webm: aa71ff27fc2769a1b78a27578f13a17b -> 
  custom:container-demuxer-webm: 4f35f7cbe854078d1ac9338744f61a02 -> 
  custom:video-encoder-webm-vp8: eb34c28f22e8b96e1ab97ce403110664 -> 
  custom:audio-encoder-webm-vorbis: bf7c407c2cedff20999df2af8eb42d56 -> 
  custom:framework-win-MediaFoundation: 216162199b28c13a410421893ffa2e32 -> 
  custom:container-demuxer-ogg: 62fdf1f143b41e24485cea50d1cbac27 -> 
  custom:video-decoder-webm-vp8: 9c59270c3fd7afecdb556c50c9e8de78 -> 
  custom:audio-decoder-ogg-vorbis: bf7c407c2cedff20999df2af8eb42d56 -> 
========================================================================
Received Import Request.
  Time since last request: 631033.413127 seconds.
  path: Assets/47cd031e07098e31e857a8aa439e63c2 (1).jpg
  artifactKey: Guid(994bb9cbc7878b8498560a9cb299d828) Importer(815301076,1909f56bfc062723c751e8b465ee728b)
Start importing Assets/47cd031e07098e31e857a8aa439e63c2 (1).jpg using Guid(994bb9cbc7878b8498560a9cb299d828) Importer(815301076,1909f56bfc062723c751e8b465ee728b)  -> (artifact id: 'b8c25f6841ac8a75358db8e532aa806d') in 0.229006 seconds 
========================================================================
Received Import Request.
  Time since last request: 0.000024 seconds.
  path: Assets/Real Terrain.prefab
  artifactKey: Guid(7c4f95551604a584386cd3febd79d8a3) Importer(815301076,1909f56bfc062723c751e8b465ee728b)
Start importing Assets/Real Terrain.prefab using Guid(7c4f95551604a584386cd3febd79d8a3) Importer(815301076,1909f56bfc062723c751e8b465ee728b)  -> (artifact id: '37c35317bae91195090d2c2c4dd5e801') in 0.099459 seconds 
========================================================================
Received Import Request.
  Time since last request: 1.777313 seconds.
  path: Assets/Scenes/Level3.unity
  artifactKey: Guid(d63e511cb52079d4db73cfb1baa456ca) Importer(815301076,1909f56bfc062723c751e8b465ee728b)
Start importing Assets/Scenes/Level3.unity using Guid(d63e511cb52079d4db73cfb1baa456ca) Importer(815301076,1909f56bfc062723c751e8b465ee728b)  -> (artifact id: '61d9eaedd8e53ca1e525a6aeb1657d98') in 0.007772 seconds 
========================================================================
Received Import Request.
  Time since last request: 19.031747 seconds.
  path: Assets/Flat Textures Pack/Materials/Summer_Grass_A.mat
  artifactKey: Guid(fe40329174e9720479ab77410cc459ab) Importer(815301076,1909f56bfc062723c751e8b465ee728b)
Start importing Assets/Flat Textures Pack/Materials/Summer_Grass_A.mat using Guid(fe40329174e9720479ab77410cc459ab) Importer(815301076,1909f56bfc062723c751e8b465ee728b)  -> (artifact id: '2e3de127adb5a4193751c99bba82afa6') in 0.024699 seconds 
========================================================================
Received Import Request.
  Time since last request: 2.007542 seconds.
  path: Assets/Prefabs/Bubble.prefab
  artifactKey: Guid(02f5a89950a2a9349b2822ad1f93a71d) Importer(815301076,1909f56bfc062723c751e8b465ee728b)
Start importing Assets/Prefabs/Bubble.prefab using Guid(02f5a89950a2a9349b2822ad1f93a71d) Importer(815301076,1909f56bfc062723c751e8b465ee728b)  -> (artifact id: '8f00536d51ec87de388f2913fd864fd7') in 0.012216 seconds 
========================================================================
Received Import Request.
  Time since last request: 0.000018 seconds.
  path: Assets/Prefabs/Terrain.prefab
  artifactKey: Guid(517061379292d1349b828281f94bf9e1) Importer(815301076,1909f56bfc062723c751e8b465ee728b)
Start importing Assets/Prefabs/Terrain.prefab using Guid(517061379292d1349b828281f94bf9e1) Importer(815301076,1909f56bfc062723c751e8b465ee728b)  -> (artifact id: 'ccf21c9ef1a94e2f6992dc832ce2c2b7') in 0.013336 seconds 
========================================================================
Received Import Request.
  Time since last request: 0.000019 seconds.
  path: Assets/Prefabs/fire.prefab
  artifactKey: Guid(ed2bdf856bcbad04aa67755d69cd93b3) Importer(815301076,1909f56bfc062723c751e8b465ee728b)
Start importing Assets/Prefabs/fire.prefab using Guid(ed2bdf856bcbad04aa67755d69cd93b3) Importer(815301076,1909f56bfc062723c751e8b465ee728b)  -> (artifact id: '19a8b7cd8e34393a83d40fc7ba00d7db') in 0.013582 seconds 
========================================================================
Received Import Request.
  Time since last request: 0.000019 seconds.
  path: Assets/Prefabs/cloud3.prefab
  artifactKey: Guid(1f5bece4f715847128be51e4bbabb960) Importer(815301076,1909f56bfc062723c751e8b465ee728b)
Start importing Assets/Prefabs/cloud3.prefab using Guid(1f5bece4f715847128be51e4bbabb960) Importer(815301076,1909f56bfc062723c751e8b465ee728b)  -> (artifact id: '33f51be23576bd5df97d07bf5d3b2368') in 0.014483 seconds 
========================================================================
Received Import Request.
  Time since last request: 0.000020 seconds.
  path: Assets/Prefabs/Saw.prefab
  artifactKey: Guid(63ac27adba8c49147af0b98ac202c1af) Importer(815301076,1909f56bfc062723c751e8b465ee728b)
Start importing Assets/Prefabs/Saw.prefab using Guid(63ac27adba8c49147af0b98ac202c1af) Importer(815301076,1909f56bfc062723c751e8b465ee728b)  -> (artifact id: '5c48559a18369fd25ffadaba8eeb0483') in 0.013905 seconds 
========================================================================
Received Import Request.
  Time since last request: 0.000033 seconds.
  path: Assets/Prefabs/HealthBarBG.prefab
  artifactKey: Guid(2d6b61d6ba4244247bc2f07fa50529e0) Importer(815301076,1909f56bfc062723c751e8b465ee728b)
Start importing Assets/Prefabs/HealthBarBG.prefab using Guid(2d6b61d6ba4244247bc2f07fa50529e0) Importer(815301076,1909f56bfc062723c751e8b465ee728b)  -> (artifact id: '97d17ab5a89c4b7a6afa29c58a481ef2') in 0.021466 seconds 
========================================================================
Received Import Request.
  Time since last request: 0.000031 seconds.
  path: Assets/Prefabs/cloud1.prefab
  artifactKey: Guid(89fc680673850405a9328a7019cbe37a) Importer(815301076,1909f56bfc062723c751e8b465ee728b)
Start importing Assets/Prefabs/cloud1.prefab using Guid(89fc680673850405a9328a7019cbe37a) Importer(815301076,1909f56bfc062723c751e8b465ee728b)  -> (artifact id: '7cf9622743828d88d33a4ba2fdc50dbf') in 0.013897 seconds 
========================================================================
Received Import Request.
  Time since last request: 0.000017 seconds.
  path: Assets/Prefabs/cloud2.prefab
  artifactKey: Guid(7608b955d81a54cbc8fd388254a2d5f7) Importer(815301076,1909f56bfc062723c751e8b465ee728b)
Start importing Assets/Prefabs/cloud2.prefab using Guid(7608b955d81a54cbc8fd388254a2d5f7) Importer(815301076,1909f56bfc062723c751e8b465ee728b)  -> (artifact id: '2e7761e2331f6a1bc5117a6d66440510') in 0.017875 seconds 
========================================================================
Received Import Request.
  Time since last request: 0.000019 seconds.
  path: Assets/Prefabs/terrain2.prefab
  artifactKey: Guid(a0367d970bd9c2349b9bb4215e04aae8) Importer(815301076,1909f56bfc062723c751e8b465ee728b)
Start importing Assets/Prefabs/terrain2.prefab using Guid(a0367d970bd9c2349b9bb4215e04aae8) Importer(815301076,1909f56bfc062723c751e8b465ee728b)  -> (artifact id: '33c7324472ef617d1f8337048ec19fc3') in 0.010976 seconds 
========================================================================
Received Import Request.
  Time since last request: 0.000018 seconds.
  path: Assets/Prefabs/PauseUI.prefab
  artifactKey: Guid(500dfc38a6394b248adf79fda9bd6959) Importer(815301076,1909f56bfc062723c751e8b465ee728b)
Start importing Assets/Prefabs/PauseUI.prefab using Guid(500dfc38a6394b248adf79fda9bd6959) Importer(815301076,1909f56bfc062723c751e8b465ee728b)  -> (artifact id: 'a619dca6efe8dddfa4c2ebc374c4ad57') in 0.039203 seconds 
========================================================================
Received Import Request.
  Time since last request: 2.303094 seconds.
  path: Assets/Prefabs/MeeleBoss.prefab
  artifactKey: Guid(f8211549de29dae4188d700abaa3ed7b) Importer(815301076,1909f56bfc062723c751e8b465ee728b)
Start importing Assets/Prefabs/MeeleBoss.prefab using Guid(f8211549de29dae4188d700abaa3ed7b) Importer(815301076,1909f56bfc062723c751e8b465ee728b)  -> (artifact id: '6ef25558403868e76f2f878ef224b502') in 0.035809 seconds 
========================================================================
Received Import Request.
  Time since last request: 3.195254 seconds.
  path: Assets/Prefabs/EnemyPatrol.prefab
  artifactKey: Guid(b1bdfeedb21c681428306fcd68de2d39) Importer(815301076,1909f56bfc062723c751e8b465ee728b)
Start importing Assets/Prefabs/EnemyPatrol.prefab using Guid(b1bdfeedb21c681428306fcd68de2d39) Importer(815301076,1909f56bfc062723c751e8b465ee728b)  -> (artifact id: 'b5f8d6882a7e7111a5e4a6cfbdd2c7b1') in 0.009457 seconds 
